#
# There is insufficient memory for the Java Runtime Environment to continue.
# Native memory allocation (mmap) failed to map 266338304 bytes for G1 virtual space
# Possible reasons:
#   The system is out of physical RAM or swap space
#   The process is running with CompressedOops enabled, and the Java Heap may be blocking the growth of the native heap
# Possible solutions:
#   Reduce memory load on the system
#   Increase physical memory or swap space
#   Check if swap backing store is full
#   Decrease Java heap size (-Xmx/-Xms)
#   Decrease number of Java threads
#   Decrease Java thread stack sizes (-Xss)
#   Set larger code cache with -XX:ReservedCodeCacheSize=
#   JVM is running with Zero Based Compressed Oops mode in which the Java heap is
#     placed in the first 32GB address space. The Java Heap base address is the
#     maximum limit for the native heap growth. Please use -XX:HeapBaseMinAddress
#     to set the Java Heap base and to place the Java Heap above 32GB virtual address.
# This output file may be truncated or incomplete.
#
#  Out of Memory Error (os_windows.cpp:3536), pid=24528, tid=12764
#
# JRE version:  (19.0.2+7) (build )
# Java VM: Java HotSpot(TM) 64-Bit Server VM (19.0.2+7-44, mixed mode, sharing, tiered, compressed oops, compressed class ptrs, g1 gc, windows-amd64)
# No core dump will be written. Minidumps are not enabled by default on client versions of Windows
#

---------------  S U M M A R Y ------------

Command Line: -Dfile.encoding=UTF-8 --module-path=C:\Users\DELL\Documents\NetBeansProjects\JavaApplication15\build\classes ui.MainFrame

Host: Intel(R) Core(TM) i7-10750H CPU @ 2.60GHz, 12 cores, 15G,  Windows 11 , 64 bit Build 22621 (10.0.22621.3958)
Time: Sun Oct  6 14:22:32 2024 Eastern Daylight Time elapsed time: 0.010447 seconds (0d 0h 0m 0s)

---------------  T H R E A D  ---------------

Current thread (0x0000021062b2d730):  JavaThread "Unknown thread" [_thread_in_vm, id=12764, stack(0x00000084f8d00000,0x00000084f8e00000)]

Stack: [0x00000084f8d00000,0x00000084f8e00000]
Native frames: (J=compiled Java code, j=interpreted, Vv=VM code, C=native code)
V  [jvm.dll+0x6ee21a]
V  [jvm.dll+0x85765e]
V  [jvm.dll+0x85904e]
V  [jvm.dll+0x859703]
V  [jvm.dll+0x28298f]
V  [jvm.dll+0x6eb009]
V  [jvm.dll+0x6dfbaa]
V  [jvm.dll+0x3573f6]
V  [jvm.dll+0x35ee56]
V  [jvm.dll+0x3b541e]
V  [jvm.dll+0x3b564f]
V  [jvm.dll+0x32c9ea]
V  [jvm.dll+0x32d89e]
V  [jvm.dll+0x821780]
V  [jvm.dll+0x3c2661]
V  [jvm.dll+0x801f51]
V  [jvm.dll+0x44ae8f]
V  [jvm.dll+0x44c811]
C  [jli.dll+0x5287]
C  [ucrtbase.dll+0x29333]
C  [KERNEL32.DLL+0x1257d]
C  [ntdll.dll+0x5af08]


---------------  P R O C E S S  ---------------

Threads class SMR info:
_java_thread_list=0x00007ff8e97cd048, length=0, elements={
}

Java Threads: ( => current thread )

Other Threads:
  0x0000021062ba0d00 WorkerThread "GC Thread#0" [stack: 0x00000084f8e00000,0x00000084f8f00000] [id=8244]
  0x0000021062bb3970 ConcurrentGCThread "G1 Main Marker" [stack: 0x00000084f8f00000,0x00000084f9000000] [id=18040]
  0x0000021062bb4a40 WorkerThread "G1 Conc#0" [stack: 0x00000084f9000000,0x00000084f9100000] [id=21796]

[error occurred during error reporting (printing all threads), id 0xc0000005, EXCEPTION_ACCESS_VIOLATION (0xc0000005) at pc=0x00007ff8e8f8d427]

VM state: not at safepoint (not fully initialized)

VM Mutex/Monitor currently owned by a thread:  ([mutex/lock_event])
[0x0000021062b29d80] Heap_lock - owner thread: 0x0000021062b2d730

Heap address: 0x0000000703a00000, size: 4038 MB, Compressed Oops mode: Zero based, Oop shift amount: 3

CDS archive(s) mapped at: [0x0000000000000000-0x0000000000000000-0x0000000000000000), size 0, SharedBaseAddress: 0x0000000800000000, ArchiveRelocationMode: 0.
Narrow klass base: 0x0000000000000000, Narrow klass shift: 0, Narrow klass range: 0x0

GC Precious Log:
 CardTable entry size: 512
 Card Set container configuration: InlinePtr #cards 4 size 8 Array Of Cards #cards 16 size 48 Howl #buckets 8 coarsen threshold 3686 Howl Bitmap #cards 512 size 80 coarsen threshold 460 Card regions per heap region 1 cards per card region 4096

Heap:
 garbage-first heap   total 0K, used 0K [0x0000000703a00000, 0x0000000800000000)
  region size 2048K, 0 young (0K), 0 survivors (0K)

[error occurred during error reporting (printing heap information), id 0xc0000005, EXCEPTION_ACCESS_VIOLATION (0xc0000005) at pc=0x00007ff8e9396649]

GC Heap History (0 events):
No events

Dll operation events (1 events):
Event: 0.007 Loaded shared library C:\Program Files\Java\jdk-19\bin\java.dll

Deoptimization events (0 events):
No events

Classes loaded (0 events):
No events

Classes unloaded (0 events):
No events

Classes redefined (0 events):
No events

Internal exceptions (0 events):
No events

VM Operations (0 events):
No events

Events (0 events):
No events


Dynamic libraries:
0x00007ff7b3080000 - 0x00007ff7b3090000 	C:\Program Files\Java\jdk-19\bin\java.exe
0x00007ff9e3fb0000 - 0x00007ff9e41c7000 	C:\WINDOWS\SYSTEM32\ntdll.dll
0x00007ff9e1e30000 - 0x00007ff9e1ef4000 	C:\WINDOWS\System32\KERNEL32.DLL
0x00007ff9e1800000 - 0x00007ff9e1bb7000 	C:\WINDOWS\System32\KERNELBASE.dll
0x00007ff9e12c0000 - 0x00007ff9e13d1000 	C:\WINDOWS\System32\ucrtbase.dll
0x00007ff9b8ce0000 - 0x00007ff9b8cf8000 	C:\Program Files\Java\jdk-19\bin\jli.dll
0x00007ff9d8f70000 - 0x00007ff9d8f8b000 	C:\Program Files\Java\jdk-19\bin\VCRUNTIME140.dll
0x00007ff9e3140000 - 0x00007ff9e31f2000 	C:\WINDOWS\System32\ADVAPI32.dll
0x00007ff9e3200000 - 0x00007ff9e32a7000 	C:\WINDOWS\System32\msvcrt.dll
0x00007ff9e1d40000 - 0x00007ff9e1de8000 	C:\WINDOWS\System32\sechost.dll
0x00007ff9e1410000 - 0x00007ff9e1438000 	C:\WINDOWS\System32\bcrypt.dll
0x00007ff9e2a30000 - 0x00007ff9e2b44000 	C:\WINDOWS\System32\RPCRT4.dll
0x00007ff9e33c0000 - 0x00007ff9e356f000 	C:\WINDOWS\System32\USER32.dll
0x00007ff9e13e0000 - 0x00007ff9e1406000 	C:\WINDOWS\System32\win32u.dll
0x00007ff9c9210000 - 0x00007ff9c94a3000 	C:\WINDOWS\WinSxS\amd64_microsoft.windows.common-controls_6595b64144ccf1df_6.0.22621.3672_none_2713b9d173822955\COMCTL32.dll
0x00007ff9e2b50000 - 0x00007ff9e2b79000 	C:\WINDOWS\System32\GDI32.dll
0x00007ff9e1bc0000 - 0x00007ff9e1cd8000 	C:\WINDOWS\System32\gdi32full.dll
0x00007ff9e1440000 - 0x00007ff9e14da000 	C:\WINDOWS\System32\msvcp_win.dll
0x00007ff9d5560000 - 0x00007ff9d556a000 	C:\WINDOWS\SYSTEM32\VERSION.dll
0x00007ff9e1df0000 - 0x00007ff9e1e21000 	C:\WINDOWS\System32\IMM32.DLL
0x00007ff9d8f60000 - 0x00007ff9d8f6c000 	C:\Program Files\Java\jdk-19\bin\vcruntime140_1.dll
0x00007ff9a8000000 - 0x00007ff9a808e000 	C:\Program Files\Java\jdk-19\bin\msvcp140.dll
0x00007ff8e8c50000 - 0x00007ff8e9910000 	C:\Program Files\Java\jdk-19\bin\server\jvm.dll
0x00007ff9d8e10000 - 0x00007ff9d8e44000 	C:\WINDOWS\SYSTEM32\WINMM.dll
0x00007ff9c2590000 - 0x00007ff9c2599000 	C:\WINDOWS\SYSTEM32\WSOCK32.dll
0x00007ff9e32b0000 - 0x00007ff9e3321000 	C:\WINDOWS\System32\WS2_32.dll
0x00007ff9e03d0000 - 0x00007ff9e03e8000 	C:\WINDOWS\SYSTEM32\kernel.appcore.dll
0x00007ff9d8f10000 - 0x00007ff9d8f1a000 	C:\Program Files\Java\jdk-19\bin\jimage.dll
0x00007ff9de660000 - 0x00007ff9de892000 	C:\WINDOWS\SYSTEM32\DBGHELP.DLL
0x00007ff9e2db0000 - 0x00007ff9e313e000 	C:\WINDOWS\System32\combase.dll
0x00007ff9e2320000 - 0x00007ff9e23f7000 	C:\WINDOWS\System32\OLEAUT32.dll
0x00007ff9d2f00000 - 0x00007ff9d2f32000 	C:\WINDOWS\SYSTEM32\dbgcore.DLL
0x00007ff9e1550000 - 0x00007ff9e15cb000 	C:\WINDOWS\System32\bcryptPrimitives.dll
0x00007ff9cb500000 - 0x00007ff9cb526000 	C:\Program Files\Java\jdk-19\bin\java.dll

dbghelp: loaded successfully - version: 4.0.5 - missing functions: none
symbol engine: initialized successfully - sym options: 0x614 - pdb path: .;C:\Program Files\Java\jdk-19\bin;C:\WINDOWS\SYSTEM32;C:\WINDOWS\WinSxS\amd64_microsoft.windows.common-controls_6595b64144ccf1df_6.0.22621.3672_none_2713b9d173822955;C:\Program Files\Java\jdk-19\bin\server

VM Arguments:
jvm_args: -Dfile.encoding=UTF-8 --module-path=C:\Users\DELL\Documents\NetBeansProjects\JavaApplication15\build\classes 
java_command: ui.MainFrame
java_class_path (initial): C:\Users\DELL\Documents\NetBeansProjects\JavaApplication15\build\classes
Launcher Type: SUN_STANDARD

[Global flags]
     intx CICompilerCount                          = 4                                         {product} {ergonomic}
     uint ConcGCThreads                            = 3                                         {product} {ergonomic}
     uint G1ConcRefinementThreads                  = 10                                        {product} {ergonomic}
   size_t G1HeapRegionSize                         = 2097152                                   {product} {ergonomic}
    uintx GCDrainStackTargetSize                   = 64                                        {product} {ergonomic}
   size_t InitialHeapSize                          = 266338304                                 {product} {ergonomic}
   size_t MarkStackSize                            = 4194304                                   {product} {ergonomic}
   size_t MaxHeapSize                              = 4234149888                                {product} {ergonomic}
   size_t MinHeapDeltaBytes                        = 2097152                                   {product} {ergonomic}
   size_t MinHeapSize                              = 8388608                                   {product} {ergonomic}
    uintx NonNMethodCodeHeapSize                   = 5839372                                {pd product} {ergonomic}
    uintx NonProfiledCodeHeapSize                  = 122909434                              {pd product} {ergonomic}
    uintx ProfiledCodeHeapSize                     = 122909434                              {pd product} {ergonomic}
    uintx ReservedCodeCacheSize                    = 251658240                              {pd product} {ergonomic}
     bool SegmentedCodeCache                       = true                                      {product} {ergonomic}
   size_t SoftMaxHeapSize                          = 4234149888                             {manageable} {ergonomic}
     bool UseCompressedClassPointers               = true                           {product lp64_product} {ergonomic}
     bool UseCompressedOops                        = true                           {product lp64_product} {ergonomic}
     bool UseG1GC                                  = true                                      {product} {ergonomic}
     bool UseLargePagesIndividualAllocation        = false                                  {pd product} {ergonomic}

Logging:
Log output configuration:
 #0: stdout all=warning uptime,level,tags foldmultilines=false
 #1: stderr all=off uptime,level,tags foldmultilines=false

Environment Variables:
JAVA_HOME=C:\Program Files\Java\jdk1.7.0_80
PATH=C:\Users\DELL\db_home\bin;C:\Program Files\Common Files\Oracle\Java\javapath;C:\WINDOWS\system32;C:\WINDOWS;C:\WINDOWS\System32\Wbem;C:\WINDOWS\System32\WindowsPowerShell\v1.0\;C:\WINDOWS\System32\OpenSSH\;C:\MinGW\bin;C:\Program Files\Java\jdk1.7.0_80\bin;C:\Program Files\Go\bin;C:\Users\DELL\AppData\Local\Programs\Python\Python310\Scripts\;C:\Program Files (x86)\NVIDIA Corporation\PhysX\Common;C:\Program Files\NVIDIA Corporation\NVIDIA NvDLISR;C:\Program Files\Git\cmd;C:\Program Files\nodejs\;C:\Users\DELL\AppData\Local\Programs\Python\Python310\Scripts\;C:\Users\DELL\AppData\Local\Programs\Python\Python310\;C:\Users\DELL\AppData\Local\Microsoft\WindowsApps;C:\Users\DELL\AppData\Local\Programs\Microsoft VS Code\bin;C:\MinGW\bin;C:\Users\DELL\AppData\Local\GitHubDesktop\bin;C:\Program Files\Java\jdk1.7.0_80\bin;C:\Users\DELL\go\bin;C:\Users\DELL\Downloads\Delen\flutter\bin;;C:\Program Files\JetBrains\IntelliJ IDEA 2024.2.1\bin;;C:\Users\DELL\AppData\Roaming\npm
USERNAME=DELL
OS=Windows_NT
PROCESSOR_IDENTIFIER=Intel64 Family 6 Model 165 Stepping 2, GenuineIntel
TMP=C:\Users\DELL\AppData\Local\Temp
TEMP=C:\Users\DELL\AppData\Local\Temp



---------------  S Y S T E M  ---------------

OS:
 Windows 11 , 64 bit Build 22621 (10.0.22621.3958)
OS uptime: 6 days 20:08 hours
Hyper-V role detected

CPU: total 12 (initial active 12) (6 cores per cpu, 2 threads per core) family 6 model 165 stepping 2 microcode 0xfc, cx8, cmov, fxsr, ht, mmx, 3dnowpref, sse, sse2, sse3, ssse3, sse4.1, sse4.2, popcnt, lzcnt, tsc, tscinvbit, avx, avx2, aes, erms, clmul, bmi1, bmi2, adx, fma, vzeroupper, clflush, clflushopt, hv, rdtscp

Memory: 4k page, system-wide physical 16145M (4923M free)
TotalPageFile size 16145M (AvailPageFile size 14M)
current process WorkingSet (physical memory assigned to process): 11M, peak: 11M
current process commit charge ("private bytes"): 64M, peak: 318M

vm_info: Java HotSpot(TM) 64-Bit Server VM (19.0.2+7-44) for windows-amd64 JRE (19.0.2+7-44), built on 2022-11-30T18:02:09Z by "mach5one" with MS VC++ 17.1 (VS2022)

END.
